<?xml version="1.0" encoding="UTF-8"?>
<!-- Generated by org.testng.reporters.JUnitXMLReporter -->
<testsuite hostname="Mohit-PC" name="Test Automation" tests="9" failures="0" timestamp="11 Mar 2021 10:04:47 GMT" time="234.412" errors="0">
  <testcase name="validateAvailabilityOfBagLink" time="0.342" classname="com.amazon.qa.tests.HomePageTest"/>
  <testcase name="validateAvailabilityOfWishListLink" time="0.147" classname="com.amazon.qa.tests.HomePageTest"/>
  <testcase name="validateFooterLinksSizeFromHomePage" time="0.049" classname="com.amazon.qa.tests.HomePageTest"/>
  <testcase name="validateNavigationToAllOnlineShoppingLinksFromHomePage" time="4.246" classname="com.amazon.qa.tests.HomePageTest"/>
  <testcase name="validateNavigationToCasualShirtCategory" time="1.038" classname="com.amazon.qa.tests.HomePageTest"/>
  <testcase name="validateNavigationToMenCategory" time="5.303" classname="com.amazon.qa.tests.HomePageTest"/>
  <testcase name="validatePageTitle" time="0.126" classname="com.amazon.qa.tests.HomePageTest"/>
  <testcase name="verifyNavigationToLoginPage" time="5.195" classname="com.amazon.qa.tests.HomePageTest"/>
  <testcase name="validatePageUrl" time="8.038" classname="com.amazon.qa.tests.CasualShirtPageTest"/>
</testsuite> <!-- Test Automation -->
