<?xml version="1.0" encoding="UTF-8"?>
<!-- Generated by org.testng.reporters.JUnitXMLReporter -->
<testsuite hostname="Mohit-PC" ignored="2" name="Test Automation" tests="6" failures="0" timestamp="07 Mar 2021 14:41:54 GMT" time="201.672" errors="0">
  <testcase name="validateAvailabilityOfBagLink" time="0.767" classname="com.amazon.qa.tests.HomePageTest"/>
  <testcase name="validateAvailabilityOfWishListLink" time="0.079" classname="com.amazon.qa.tests.HomePageTest"/>
  <testcase name="validateNavigationToCasualShirtCategory" time="9.397" classname="com.amazon.qa.tests.HomePageTest"/>
  <testcase name="validatePageTitle" time="0.012" classname="com.amazon.qa.tests.HomePageTest"/>
  <testcase name="verifyNavigationToLoginPage" time="10.437" classname="com.amazon.qa.tests.HomePageTest"/>
  <testcase name="validatePageUrl" time="14.575" classname="com.amazon.qa.tests.CasualShirtPageTest"/>
  <testcase name="@BeforeTest beforeTestMethod" time="0.0" classname="com.amazon.qa.base.BaseClass">
    <ignored/>
  </testcase> <!-- @BeforeTest beforeTestMethod -->
  <testcase name="@AfterTest afterTestMethod" time="0.0" classname="com.amazon.qa.base.BaseClass">
    <ignored/>
  </testcase> <!-- @AfterTest afterTestMethod -->
</testsuite> <!-- Test Automation -->
